Using pre-set license
Built from '2020.3/staging' branch; Version is '2020.3.16f1 (049d6eca3c44) revision 302446'; Using compiler version '192528614'; Build Type 'Release'
OS: 'Windows 10 Home; OS build 19044.1766; Version 2009; 64bit' Language: 'zh' Physical Memory: 32706 MB
BatchMode: 1, IsHumanControllingUs: 0, StartBugReporterOnCrash: 0, Is64bit: 1, IsPro: 0

 COMMAND LINE ARGUMENTS:
D:\UnityEditor\2020.3.16f1\Editor\Unity.exe
-adb2
-batchMode
-noUpm
-name
AssetImportWorker0
-projectPath
D:/work/MegaJumper
-logFile
Logs/AssetImportWorker0.log
-srvPort
7387
Successfully changed project path to: D:/work/MegaJumper
D:/work/MegaJumper
Using Asset Import Pipeline V2.
Refreshing native plugins compatible for Editor in 118.40 ms, found 3 plugins.
Preloading 0 native plugins for Editor in 0.00 ms.
Initialize engine version: 2020.3.16f1 (049d6eca3c44)
[Subsystems] Discovering subsystems at path D:/UnityEditor/2020.3.16f1/Editor/Data/Resources/UnitySubsystems
[Subsystems] Discovering subsystems at path D:/work/MegaJumper/Assets
GfxDevice: creating device client; threaded=0
Direct3D:
    Version:  Direct3D 11.0 [level 11.1]
    Renderer: NVIDIA GeForce GTX 1070 (ID=0x1b81)
    Vendor:   
    VRAM:     8088 MB
    Driver:   27.21.14.5671
Shader 'MoreMountains/MMRipple': fallback shader 'Particle/AlphaBlended' not found
Initialize mono
Mono path[0] = 'D:/UnityEditor/2020.3.16f1/Editor/Data/Managed'
Mono path[1] = 'D:/UnityEditor/2020.3.16f1/Editor/Data/MonoBleedingEdge/lib/mono/unityjit'
Mono config path = 'D:/UnityEditor/2020.3.16f1/Editor/Data/MonoBleedingEdge/etc'
Using monoOptions --debugger-agent=transport=dt_socket,embedding=1,server=y,suspend=n,address=127.0.0.1:56888
Begin MonoManager ReloadAssembly
Registering precompiled unity dll's ...
Register platform support module: D:/UnityEditor/2020.3.16f1/Editor/Data/PlaybackEngines/WebGLSupport/UnityEditor.WebGL.Extensions.dll
Register platform support module: D:/UnityEditor/2020.3.16f1/Editor/Data/PlaybackEngines/WindowsStandaloneSupport/UnityEditor.WindowsStandalone.Extensions.dll
Registered in 0.001135 seconds.
Native extension for WindowsStandalone target not found
Native extension for WebGL target not found
Refreshing native plugins compatible for Editor in 108.17 ms, found 3 plugins.
Preloading 0 native plugins for Editor in 0.00 ms.
Mono: successfully reloaded assembly
- Completed reload, in  3.548 seconds
Domain Reload Profiling:
	ReloadAssembly (3548ms)
		BeginReloadAssembly (45ms)
			ExecutionOrderSort (0ms)
			DisableScriptedObjects (0ms)
			BackupInstance (0ms)
			ReleaseScriptingObjects (0ms)
			CreateAndSetChildDomain (1ms)
		EndReloadAssembly (476ms)
			LoadAssemblies (44ms)
			RebuildTransferFunctionScriptingTraits (0ms)
			SetupTypeCache (138ms)
			ReleaseScriptCaches (0ms)
			RebuildScriptCaches (29ms)
			SetupLoadedEditorAssemblies (222ms)
				LogAssemblyErrors (0ms)
				InitializePlatformSupportModulesInManaged (4ms)
				SetLoadedEditorAssemblies (0ms)
				RefreshPlugins (108ms)
				BeforeProcessingInitializeOnLoad (16ms)
				ProcessInitializeOnLoadAttributes (69ms)
				ProcessInitializeOnLoadMethodAttributes (24ms)
				AfterProcessingInitializeOnLoad (0ms)
				EditorAssembliesLoaded (0ms)
			ExecutionOrderSort2 (0ms)
			AwakeInstancesAfterBackupRestoration (0ms)
Platform modules already initialized, skipping
Registering precompiled user dll's ...
Registered in 0.011572 seconds.
Begin MonoManager ReloadAssembly
Native extension for WindowsStandalone target not found
Native extension for WebGL target not found
Refreshing native plugins compatible for Editor in 95.03 ms, found 3 plugins.
Preloading 0 native plugins for Editor in 0.00 ms.
Mono: successfully reloaded assembly
- Completed reload, in  1.524 seconds
Domain Reload Profiling:
	ReloadAssembly (1525ms)
		BeginReloadAssembly (127ms)
			ExecutionOrderSort (0ms)
			DisableScriptedObjects (4ms)
			BackupInstance (0ms)
			ReleaseScriptingObjects (0ms)
			CreateAndSetChildDomain (18ms)
		EndReloadAssembly (1346ms)
			LoadAssemblies (89ms)
			RebuildTransferFunctionScriptingTraits (0ms)
			SetupTypeCache (321ms)
			ReleaseScriptCaches (1ms)
			RebuildScriptCaches (76ms)
			SetupLoadedEditorAssemblies (526ms)
				LogAssemblyErrors (0ms)
				InitializePlatformSupportModulesInManaged (4ms)
				SetLoadedEditorAssemblies (0ms)
				RefreshPlugins (95ms)
				BeforeProcessingInitializeOnLoad (77ms)
				ProcessInitializeOnLoadAttributes (304ms)
				ProcessInitializeOnLoadMethodAttributes (43ms)
				AfterProcessingInitializeOnLoad (2ms)
				EditorAssembliesLoaded (0ms)
			ExecutionOrderSort2 (0ms)
			AwakeInstancesAfterBackupRestoration (6ms)
Platform modules already initialized, skipping
========================================================================
Worker process is ready to serve import requests
Shader 'MoreMountains/MMRipple': fallback shader 'Particle/AlphaBlended' not found
Launched and connected shader compiler UnityShaderCompiler.exe after 0.07 seconds
Refreshing native plugins compatible for Editor in 1.72 ms, found 3 plugins.
Preloading 0 native plugins for Editor in 0.00 ms.
Unloading 3278 Unused Serialized files (Serialized files now loaded: 0)
System memory in use before: 281.4 MB.
System memory in use after: 281.6 MB.

Unloading 184 unused Assets to reduce memory usage. Loaded Objects now: 3614.
Total: 6.163100 ms (FindLiveObjects: 0.289300 ms CreateObjectMapping: 0.180500 ms MarkObjects: 5.579500 ms  DeleteObjects: 0.112500 ms)

AssetImportParameters requested are different than current active one (requested -> active):
  custom:framework-win-MediaFoundation: 216162199b28c13a410421893ffa2e32 -> 
  custom:video-decoder-ogg-theora: a1e56fd34408186e4bbccfd4996cb3dc -> 
  custom:container-muxer-webm: aa71ff27fc2769a1b78a27578f13a17b -> 
  custom:container-demuxer-webm: 4f35f7cbe854078d1ac9338744f61a02 -> 
  custom:container-demuxer-ogg: 62fdf1f143b41e24485cea50d1cbac27 -> 
  custom:video-encoder-webm-vp8: eb34c28f22e8b96e1ab97ce403110664 -> 
  custom:video-decoder-webm-vp8: 9c59270c3fd7afecdb556c50c9e8de78 -> 
  custom:audio-decoder-ogg-vorbis: bf7c407c2cedff20999df2af8eb42d56 -> 
  custom:audio-encoder-webm-vorbis: bf7c407c2cedff20999df2af8eb42d56 -> 
========================================================================
Received Import Request.
  path: Assets/Script/GameAnalytics
  artifactKey: Guid(1857a5c95790a4603b443911d9111458) Importer(815301076,1909f56bfc062723c751e8b465ee728b)
Start importing Assets/Script/GameAnalytics using Guid(1857a5c95790a4603b443911d9111458) Importer(815301076,1909f56bfc062723c751e8b465ee728b)  -> (artifact id: 'bd0a26d767be478205a7da3d707d0172') in 0.009084 seconds 
  Import took 0.015076 seconds .

========================================================================
Received Import Request.
  Time since last request: 0.000198 seconds.
  path: Assets/Script/GameAnalytics/Plugins/Android
  artifactKey: Guid(597ee60d9a475c840bd1048278120a0c) Importer(815301076,1909f56bfc062723c751e8b465ee728b)
Start importing Assets/Script/GameAnalytics/Plugins/Android using Guid(597ee60d9a475c840bd1048278120a0c) Importer(815301076,1909f56bfc062723c751e8b465ee728b)  -> (artifact id: '27da9a89fe4473c20ce5aa492336fa50') in 0.015750 seconds 
  Import took 0.020309 seconds .

========================================================================
Received Import Request.
  Time since last request: 0.000232 seconds.
  path: Assets/Script/GameAnalytics/Plugins
  artifactKey: Guid(97b79fc4d9d2243ed8192a5f84b29f1f) Importer(815301076,1909f56bfc062723c751e8b465ee728b)
Start importing Assets/Script/GameAnalytics/Plugins using Guid(97b79fc4d9d2243ed8192a5f84b29f1f) Importer(815301076,1909f56bfc062723c751e8b465ee728b)  -> (artifact id: '3e4dafd867c2f3fa3ba91e2a9e337cca') in 0.005515 seconds 
  Import took 0.012874 seconds .

========================================================================
Received Import Request.
  Time since last request: 1.312343 seconds.
  path: Assets/Script/GameAnalytics/Gizmos
  artifactKey: Guid(8774c230da39f2f41a5ca6ca2eb30aaf) Importer(815301076,1909f56bfc062723c751e8b465ee728b)
Start importing Assets/Script/GameAnalytics/Gizmos using Guid(8774c230da39f2f41a5ca6ca2eb30aaf) Importer(815301076,1909f56bfc062723c751e8b465ee728b)  -> (artifact id: '7985411925dfe715dffdc0936ca0d3c9') in 0.005862 seconds 
  Import took 0.010602 seconds .

========================================================================
Received Import Request.
  Time since last request: 0.742581 seconds.
  path: Assets/Script/GameAnalytics/Gizmos/GameAnalytics
  artifactKey: Guid(0815a0dd77f0048c28eb65386cbbaa8f) Importer(815301076,1909f56bfc062723c751e8b465ee728b)
Start importing Assets/Script/GameAnalytics/Gizmos/GameAnalytics using Guid(0815a0dd77f0048c28eb65386cbbaa8f) Importer(815301076,1909f56bfc062723c751e8b465ee728b)  -> (artifact id: '0a9c47e742a5fc12a6ac449266bb4a87') in 0.002129 seconds 
  Import took 0.007423 seconds .

========================================================================
Received Import Request.
  Time since last request: 1.044366 seconds.
  path: Assets/Script/GameAnalytics/Editor
  artifactKey: Guid(98edb85161ea149fbaa05683b2bfd504) Importer(815301076,1909f56bfc062723c751e8b465ee728b)
Start importing Assets/Script/GameAnalytics/Editor using Guid(98edb85161ea149fbaa05683b2bfd504) Importer(815301076,1909f56bfc062723c751e8b465ee728b)  -> (artifact id: '607be962a85838fdc35d886162bdd5ae') in 0.005760 seconds 
  Import took 0.010298 seconds .

========================================================================
Received Import Request.
  Time since last request: 119.503715 seconds.
  path: Assets/Resources/GameAnalytics/Settings.asset
  artifactKey: Guid(33e3df749580ef54aa8c0b1481b91c64) Importer(815301076,1909f56bfc062723c751e8b465ee728b)
Start importing Assets/Resources/GameAnalytics/Settings.asset using Guid(33e3df749580ef54aa8c0b1481b91c64) Importer(815301076,1909f56bfc062723c751e8b465ee728b)  -> (artifact id: 'd23dd5d0584c958e0521356d1b4adc80') in 0.050456 seconds 
  Import took 0.055867 seconds .

========================================================================
Received Prepare
Registering precompiled user dll's ...
Registered in 0.015775 seconds.
Begin MonoManager ReloadAssembly
Native extension for WindowsStandalone target not found
Native extension for WebGL target not found
Refreshing native plugins compatible for Editor in 3.36 ms, found 3 plugins.
Preloading 0 native plugins for Editor in 0.00 ms.
Mono: successfully reloaded assembly
- Completed reload, in  2.413 seconds
Domain Reload Profiling:
	ReloadAssembly (2414ms)
		BeginReloadAssembly (227ms)
			ExecutionOrderSort (0ms)
			DisableScriptedObjects (7ms)
			BackupInstance (0ms)
			ReleaseScriptingObjects (0ms)
			CreateAndSetChildDomain (83ms)
		EndReloadAssembly (2052ms)
			LoadAssemblies (240ms)
			RebuildTransferFunctionScriptingTraits (0ms)
			SetupTypeCache (542ms)
			ReleaseScriptCaches (2ms)
			RebuildScriptCaches (144ms)
			SetupLoadedEditorAssemblies (1002ms)
				LogAssemblyErrors (0ms)
				InitializePlatformSupportModulesInManaged (9ms)
				SetLoadedEditorAssemblies (1ms)
				RefreshPlugins (3ms)
				BeforeProcessingInitializeOnLoad (139ms)
				ProcessInitializeOnLoadAttributes (775ms)
				ProcessInitializeOnLoadMethodAttributes (71ms)
				AfterProcessingInitializeOnLoad (3ms)
				EditorAssembliesLoaded (1ms)
			ExecutionOrderSort2 (0ms)
			AwakeInstancesAfterBackupRestoration (9ms)
Platform modules already initialized, skipping
Switching build target platform(19) subTarget(0) extendedPlatform(0) -> platform(13) subTarget(537395200) extendedPlatform(0)
Shader 'MoreMountains/MMRipple': fallback shader 'Particle/AlphaBlended' not found
Refreshing native plugins compatible for Editor in 3.61 ms, found 3 plugins.
Preloading 0 native plugins for Editor in 0.00 ms.
Unloading 3216 Unused Serialized files (Serialized files now loaded: 0)
System memory in use before: 275.3 MB.
System memory in use after: 275.5 MB.

Unloading 179 unused Assets to reduce memory usage. Loaded Objects now: 3616.
Total: 11.640800 ms (FindLiveObjects: 0.696400 ms CreateObjectMapping: 0.270400 ms MarkObjects: 10.534700 ms  DeleteObjects: 0.136700 ms)

AssetImportParameters requested are different than current active one (requested -> active):
  custom:framework-win-MediaFoundation: 216162199b28c13a410421893ffa2e32 -> 
  custom:video-decoder-ogg-theora: a1e56fd34408186e4bbccfd4996cb3dc -> 
  custom:container-muxer-webm: aa71ff27fc2769a1b78a27578f13a17b -> 
  custom:container-demuxer-webm: 4f35f7cbe854078d1ac9338744f61a02 -> 
  custom:container-demuxer-ogg: 62fdf1f143b41e24485cea50d1cbac27 -> 
  custom:video-encoder-webm-vp8: eb34c28f22e8b96e1ab97ce403110664 -> 
  custom:video-decoder-webm-vp8: 9c59270c3fd7afecdb556c50c9e8de78 -> 
  custom:graphics/normal-map-encoding: 01000000000000000000000000000000 -> 02000000000000000000000000000000
  custom:audio-decoder-ogg-vorbis: bf7c407c2cedff20999df2af8eb42d56 -> 
  custom:audio-encoder-webm-vorbis: bf7c407c2cedff20999df2af8eb42d56 -> 
========================================================================
Received Import Request.
  Time since last request: 182.519158 seconds.
  path: Assets/Script/GameAnalytics/Editor/GAEditor.asmdef
  artifactKey: Guid(900f8e227da7fc244a0508f2a3f1973b) Importer(815301076,1909f56bfc062723c751e8b465ee728b)
Start importing Assets/Script/GameAnalytics/Editor/GAEditor.asmdef using Guid(900f8e227da7fc244a0508f2a3f1973b) Importer(815301076,1909f56bfc062723c751e8b465ee728b)  -> (artifact id: '3a68611962ceefd4f867d5e1c0106267') in 0.010226 seconds 
  Import took 0.015338 seconds .

========================================================================
Received Import Request.
  Time since last request: 0.004636 seconds.
  path: Assets/Script/GameAnalytics/Editor/GAEditor.asmdef
  artifactKey: Guid(900f8e227da7fc244a0508f2a3f1973b) Importer(815301076,1909f56bfc062723c751e8b465ee728b)
Start importing Assets/Script/GameAnalytics/Editor/GAEditor.asmdef using Guid(900f8e227da7fc244a0508f2a3f1973b) Importer(815301076,1909f56bfc062723c751e8b465ee728b)  -> (artifact id: '3a68611962ceefd4f867d5e1c0106267') in 0.001802 seconds 
  Import took 0.006429 seconds .

========================================================================
Received Import Request.
  Time since last request: 7.457733 seconds.
  path: Assets/Script/GameAnalytics/Editor/GAEditor.asmdef
  artifactKey: Guid(900f8e227da7fc244a0508f2a3f1973b) Importer(815301076,1909f56bfc062723c751e8b465ee728b)
Start importing Assets/Script/GameAnalytics/Editor/GAEditor.asmdef using Guid(900f8e227da7fc244a0508f2a3f1973b) Importer(815301076,1909f56bfc062723c751e8b465ee728b)  -> (artifact id: '22324d42b95e02e163d846bc67c107ac') in 0.391160 seconds 
  Import took 0.507420 seconds .

========================================================================
Received Import Request.
  Time since last request: 10.884624 seconds.
  path: Assets/GoogleMobileAds/Editor/GoogleMobileAds.Editor.asmdef
  artifactKey: Guid(cbb42e4cfd9484f52972c8f05e1c3252) Importer(815301076,1909f56bfc062723c751e8b465ee728b)
Start importing Assets/GoogleMobileAds/Editor/GoogleMobileAds.Editor.asmdef using Guid(cbb42e4cfd9484f52972c8f05e1c3252) Importer(815301076,1909f56bfc062723c751e8b465ee728b)  -> (artifact id: 'e57c111f440dd9fbc02dd3a3342f448a') in 0.005514 seconds 
  Import took 0.010432 seconds .

========================================================================
Received Import Request.
  Time since last request: 0.000262 seconds.
  path: Packages/com.unity.purchasing/Runtime/AppleMacosStub/UnityEngine.Purchasing.AppleMacosStub.asmdef
  artifactKey: Guid(f6443094e1de2413e6ae58b07d0bf1e9) Importer(815301076,1909f56bfc062723c751e8b465ee728b)
Start importing Packages/com.unity.purchasing/Runtime/AppleMacosStub/UnityEngine.Purchasing.AppleMacosStub.asmdef using Guid(f6443094e1de2413e6ae58b07d0bf1e9) Importer(815301076,1909f56bfc062723c751e8b465ee728b)  -> (artifact id: '635ec40c796975e9a3d5f14c74f00965') in 0.004804 seconds 
  Import took 0.009055 seconds .

========================================================================
Received Import Request.
  Time since last request: 0.000293 seconds.
  path: Packages/com.unity.purchasing/Runtime/Common/Purchasing.Common.asmdef
  artifactKey: Guid(7bb1ee73ebb9f114188944f67b1333d6) Importer(815301076,1909f56bfc062723c751e8b465ee728b)
Start importing Packages/com.unity.purchasing/Runtime/Common/Purchasing.Common.asmdef using Guid(7bb1ee73ebb9f114188944f67b1333d6) Importer(815301076,1909f56bfc062723c751e8b465ee728b)  -> (artifact id: 'ad3353e574c0fd56fb7f8969e12d1c44') in 0.005337 seconds 
  Import took 0.010599 seconds .

========================================================================
Received Import Request.
  Time since last request: 0.000251 seconds.
  path: Packages/com.unity.purchasing/Runtime/Purchasing/UnityEngine.Purchasing.asmdef
  artifactKey: Guid(60bfecf5cb232594891bc622f40d6bed) Importer(815301076,1909f56bfc062723c751e8b465ee728b)
Start importing Packages/com.unity.purchasing/Runtime/Purchasing/UnityEngine.Purchasing.asmdef using Guid(60bfecf5cb232594891bc622f40d6bed) Importer(815301076,1909f56bfc062723c751e8b465ee728b)  -> (artifact id: 'd854805291052fcf95613146141f7c3a') in 0.007434 seconds 
  Import took 0.015834 seconds .

========================================================================
Received Import Request.
  Time since last request: 0.000213 seconds.
  path: Packages/com.unity.purchasing/Runtime/Codeless/UnityEngine.Purchasing.Codeless.asmdef
  artifactKey: Guid(059c931883a8a274690376c0592ea9a0) Importer(815301076,1909f56bfc062723c751e8b465ee728b)
Start importing Packages/com.unity.purchasing/Runtime/Codeless/UnityEngine.Purchasing.Codeless.asmdef using Guid(059c931883a8a274690376c0592ea9a0) Importer(815301076,1909f56bfc062723c751e8b465ee728b)  -> (artifact id: '3b225ba5529ea2b597c6cee0b434bad1') in 0.008908 seconds 
  Import took 0.018310 seconds .

========================================================================
Received Import Request.
  Time since last request: 0.000229 seconds.
  path: Packages/com.unity.purchasing/Runtime/Stores/UnityEngine.Purchasing.Stores.asmdef
  artifactKey: Guid(08d1c582746949b40ba6a45cdb776bdf) Importer(815301076,1909f56bfc062723c751e8b465ee728b)
Start importing Packages/com.unity.purchasing/Runtime/Stores/UnityEngine.Purchasing.Stores.asmdef using Guid(08d1c582746949b40ba6a45cdb776bdf) Importer(815301076,1909f56bfc062723c751e8b465ee728b)  -> (artifact id: 'd3cbbd329b5486e24eec83b40ecf6f8f') in 0.012075 seconds 
  Import took 0.020627 seconds .

========================================================================
Received Import Request.
  Time since last request: 0.000218 seconds.
  path: Packages/com.unity.purchasing/Runtime/AppleMacos/UnityEngine.Purchasing.AppleMacos.asmdef
  artifactKey: Guid(85419d1db9999260dd8d29109aa400f2) Importer(815301076,1909f56bfc062723c751e8b465ee728b)
Start importing Packages/com.unity.purchasing/Runtime/AppleMacos/UnityEngine.Purchasing.AppleMacos.asmdef using Guid(85419d1db9999260dd8d29109aa400f2) Importer(815301076,1909f56bfc062723c751e8b465ee728b)  -> (artifact id: 'd9ba8d6e011456e45b473880b65d810b') in 0.005987 seconds 
  Import took 0.013901 seconds .

========================================================================
Received Import Request.
  Time since last request: 0.000216 seconds.
  path: Packages/com.unity.purchasing/Runtime/SecurityCore/UnityEngine.Purchasing.SecurityCore.asmdef
  artifactKey: Guid(e63a64384cc3ef04cac761c1ce76e9c2) Importer(815301076,1909f56bfc062723c751e8b465ee728b)
Start importing Packages/com.unity.purchasing/Runtime/SecurityCore/UnityEngine.Purchasing.SecurityCore.asmdef using Guid(e63a64384cc3ef04cac761c1ce76e9c2) Importer(815301076,1909f56bfc062723c751e8b465ee728b)  -> (artifact id: '4e128669add7f93d6ba3552a938c7e55') in 0.007137 seconds 
  Import took 0.013648 seconds .

========================================================================
Received Import Request.
  Time since last request: 0.000183 seconds.
  path: Packages/com.unity.purchasing/Runtime/Apple/UnityEngine.Purchasing.Apple.asmdef
  artifactKey: Guid(400f2260dd8d285419d1db99999109aa) Importer(815301076,1909f56bfc062723c751e8b465ee728b)
Start importing Packages/com.unity.purchasing/Runtime/Apple/UnityEngine.Purchasing.Apple.asmdef using Guid(400f2260dd8d285419d1db99999109aa) Importer(815301076,1909f56bfc062723c751e8b465ee728b)  -> (artifact id: '33f91063103bd07a7ee28c6f099a609b') in 0.006358 seconds 
  Import took 0.012849 seconds .

========================================================================
Received Import Request.
  Time since last request: 0.000215 seconds.
  path: Packages/com.unity.purchasing/Runtime/AppleStub/UnityEngine.Purchasing.AppleStub.asmdef
  artifactKey: Guid(d0bf1e9ef64430948b071de2413e6ae5) Importer(815301076,1909f56bfc062723c751e8b465ee728b)
Start importing Packages/com.unity.purchasing/Runtime/AppleStub/UnityEngine.Purchasing.AppleStub.asmdef using Guid(d0bf1e9ef64430948b071de2413e6ae5) Importer(815301076,1909f56bfc062723c751e8b465ee728b)  -> (artifact id: 'da6e1b5d26703d99150f564684bfe474') in 0.007016 seconds 
  Import took 0.014512 seconds .

========================================================================
Received Import Request.
  Time since last request: 0.000201 seconds.
  path: Packages/com.unity.purchasing/Runtime/SecurityStub/UnityEngine.Purchasing.SecurityStub.asmdef
  artifactKey: Guid(d0bf1e9f644394e1de13e6ae02458b07) Importer(815301076,1909f56bfc062723c751e8b465ee728b)
Start importing Packages/com.unity.purchasing/Runtime/SecurityStub/UnityEngine.Purchasing.SecurityStub.asmdef using Guid(d0bf1e9f644394e1de13e6ae02458b07) Importer(815301076,1909f56bfc062723c751e8b465ee728b)  -> (artifact id: '82c8fef9daba8a01d5e1639b96ca977d') in 0.006534 seconds 
  Import took 0.012339 seconds .

========================================================================
Received Import Request.
  Time since last request: 0.000173 seconds.
  path: Packages/com.unity.purchasing/Editor/UnityEditor.Purchasing.asmdef
  artifactKey: Guid(e25a61468ff30f44fad56a6b40062363) Importer(815301076,1909f56bfc062723c751e8b465ee728b)
Start importing Packages/com.unity.purchasing/Editor/UnityEditor.Purchasing.asmdef using Guid(e25a61468ff30f44fad56a6b40062363) Importer(815301076,1909f56bfc062723c751e8b465ee728b)  -> (artifact id: '4a1016cb20ab0e1d2f2cbcf4894650f7') in 0.005749 seconds 
  Import took 0.011411 seconds .

========================================================================
Received Import Request.
  Time since last request: 0.000190 seconds.
  path: Packages/com.unity.purchasing/Runtime/Security/UnityEngine.Purchasing.Security.asmdef
  artifactKey: Guid(94e1de2458b07d0bf1e9f13e6ae06443) Importer(815301076,1909f56bfc062723c751e8b465ee728b)
Start importing Packages/com.unity.purchasing/Runtime/Security/UnityEngine.Purchasing.Security.asmdef using Guid(94e1de2458b07d0bf1e9f13e6ae06443) Importer(815301076,1909f56bfc062723c751e8b465ee728b)  -> (artifact id: 'f1b1266a89fa26813e0c00ab80a992b5') in 0.007616 seconds 
  Import took 0.014279 seconds .

========================================================================
Received Import Request.
  Time since last request: 0.000199 seconds.
  path: Packages/com.unity.purchasing/Runtime/AppleCore/UnityEngine.Purchasing.AppleCore.asmdef
  artifactKey: Guid(38106865282c8c64c93112192f9fe21b) Importer(815301076,1909f56bfc062723c751e8b465ee728b)
Start importing Packages/com.unity.purchasing/Runtime/AppleCore/UnityEngine.Purchasing.AppleCore.asmdef using Guid(38106865282c8c64c93112192f9fe21b) Importer(815301076,1909f56bfc062723c751e8b465ee728b)  -> (artifact id: '0d3859831bd73b7ee5668251ae2bc13a') in 0.005778 seconds 
  Import took 0.012377 seconds .

========================================================================
Received Import Request.
  Time since last request: 12.768140 seconds.
  path: Assets/Script/Editor
  artifactKey: Guid(13ae59b1a201c3747ba12a27bd0c18db) Importer(815301076,1909f56bfc062723c751e8b465ee728b)
Start importing Assets/Script/Editor using Guid(13ae59b1a201c3747ba12a27bd0c18db) Importer(815301076,1909f56bfc062723c751e8b465ee728b)  -> (artifact id: 'da786c49cfebd3c536108a88ecce6c58') in 0.001744 seconds 
  Import took 0.006744 seconds .

========================================================================
Received Import Request.
  Time since last request: 15.676324 seconds.
  path: Assets/Script/GameAnalytics/Editor/GAEditor.asmdef
  artifactKey: Guid(900f8e227da7fc244a0508f2a3f1973b) Importer(815301076,1909f56bfc062723c751e8b465ee728b)
Start importing Assets/Script/GameAnalytics/Editor/GAEditor.asmdef using Guid(900f8e227da7fc244a0508f2a3f1973b) Importer(815301076,1909f56bfc062723c751e8b465ee728b)  -> (artifact id: 'ae88614db3d6c88f46814260a8a950ee') in 0.017772 seconds 
  Import took 0.039458 seconds .

========================================================================
Received Prepare
Registering precompiled user dll's ...
Registered in 0.015703 seconds.
Begin MonoManager ReloadAssembly
Native extension for WindowsStandalone target not found
Native extension for WebGL target not found
Refreshing native plugins compatible for Editor in 3.24 ms, found 3 plugins.
Preloading 0 native plugins for Editor in 0.00 ms.
Mono: successfully reloaded assembly
- Completed reload, in  1.783 seconds
Domain Reload Profiling:
	ReloadAssembly (1783ms)
		BeginReloadAssembly (136ms)
			ExecutionOrderSort (0ms)
			DisableScriptedObjects (5ms)
			BackupInstance (0ms)
			ReleaseScriptingObjects (0ms)
			CreateAndSetChildDomain (54ms)
		EndReloadAssembly (1571ms)
			LoadAssemblies (137ms)
			RebuildTransferFunctionScriptingTraits (0ms)
			SetupTypeCache (374ms)
			ReleaseScriptCaches (2ms)
			RebuildScriptCaches (88ms)
			SetupLoadedEditorAssemblies (842ms)
				LogAssemblyErrors (0ms)
				InitializePlatformSupportModulesInManaged (8ms)
				SetLoadedEditorAssemblies (1ms)
				RefreshPlugins (3ms)
				BeforeProcessingInitializeOnLoad (104ms)
				ProcessInitializeOnLoadAttributes (674ms)
				ProcessInitializeOnLoadMethodAttributes (50ms)
				AfterProcessingInitializeOnLoad (2ms)
				EditorAssembliesLoaded (0ms)
			ExecutionOrderSort2 (0ms)
			AwakeInstancesAfterBackupRestoration (9ms)
Platform modules already initialized, skipping
Switching build target platform(19) subTarget(0) extendedPlatform(0) -> platform(13) subTarget(537395200) extendedPlatform(0)
Shader 'MoreMountains/MMRipple': fallback shader 'Particle/AlphaBlended' not found
Refreshing native plugins compatible for Editor in 1.94 ms, found 3 plugins.
Preloading 0 native plugins for Editor in 0.00 ms.
Unloading 3216 Unused Serialized files (Serialized files now loaded: 0)
System memory in use before: 275.3 MB.
System memory in use after: 275.6 MB.

Unloading 179 unused Assets to reduce memory usage. Loaded Objects now: 3618.
Total: 6.304500 ms (FindLiveObjects: 0.334100 ms CreateObjectMapping: 0.209300 ms MarkObjects: 5.698000 ms  DeleteObjects: 0.061800 ms)

AssetImportParameters requested are different than current active one (requested -> active):
  custom:framework-win-MediaFoundation: 216162199b28c13a410421893ffa2e32 -> 
  custom:video-decoder-ogg-theora: a1e56fd34408186e4bbccfd4996cb3dc -> 
  custom:container-muxer-webm: aa71ff27fc2769a1b78a27578f13a17b -> 
  custom:container-demuxer-webm: 4f35f7cbe854078d1ac9338744f61a02 -> 
  custom:container-demuxer-ogg: 62fdf1f143b41e24485cea50d1cbac27 -> 
  custom:video-encoder-webm-vp8: eb34c28f22e8b96e1ab97ce403110664 -> 
  custom:video-decoder-webm-vp8: 9c59270c3fd7afecdb556c50c9e8de78 -> 
  custom:graphics/normal-map-encoding: 01000000000000000000000000000000 -> 02000000000000000000000000000000
  custom:audio-decoder-ogg-vorbis: bf7c407c2cedff20999df2af8eb42d56 -> 
  custom:audio-encoder-webm-vorbis: bf7c407c2cedff20999df2af8eb42d56 -> 
========================================================================
Received Prepare
Shader 'MoreMountains/MMRipple': fallback shader 'Particle/AlphaBlended' not found
Refreshing native plugins compatible for Editor in 35.54 ms, found 3 plugins.
Preloading 0 native plugins for Editor in 0.00 ms.
Unloading 166 Unused Serialized files (Serialized files now loaded: 0)
System memory in use before: 215.3 MB.
System memory in use after: 215.6 MB.

Unloading 165 unused Assets to reduce memory usage. Loaded Objects now: 3618.
Total: 8.019200 ms (FindLiveObjects: 0.462000 ms CreateObjectMapping: 0.223300 ms MarkObjects: 7.272400 ms  DeleteObjects: 0.060100 ms)

AssetImportParameters requested are different than current active one (requested -> active):
  custom:framework-win-MediaFoundation: 216162199b28c13a410421893ffa2e32 -> 
  custom:video-decoder-ogg-theora: a1e56fd34408186e4bbccfd4996cb3dc -> 
  custom:container-muxer-webm: aa71ff27fc2769a1b78a27578f13a17b -> 
  custom:container-demuxer-webm: 4f35f7cbe854078d1ac9338744f61a02 -> 
  custom:container-demuxer-ogg: 62fdf1f143b41e24485cea50d1cbac27 -> 
  custom:video-encoder-webm-vp8: eb34c28f22e8b96e1ab97ce403110664 -> 
  custom:video-decoder-webm-vp8: 9c59270c3fd7afecdb556c50c9e8de78 -> 
  custom:audio-decoder-ogg-vorbis: bf7c407c2cedff20999df2af8eb42d56 -> 
  custom:audio-encoder-webm-vorbis: bf7c407c2cedff20999df2af8eb42d56 -> 
========================================================================
Received Import Request.
  Time since last request: 1313.986987 seconds.
  path: Assets/FacebookSDK/SDK/Resources/FacebookSettings.asset
  artifactKey: Guid(bdbfa86d2be363d4c85d744e74638f72) Importer(815301076,1909f56bfc062723c751e8b465ee728b)
Start importing Assets/FacebookSDK/SDK/Resources/FacebookSettings.asset using Guid(bdbfa86d2be363d4c85d744e74638f72) Importer(815301076,1909f56bfc062723c751e8b465ee728b)  -> (artifact id: '5c2a2e3d4e48f0063d20e86e79e78a75') in 0.024015 seconds 
  Import took 0.030143 seconds .

========================================================================
Received Import Request.
  Time since last request: 433.399119 seconds.
  path: Assets/FacebookSDK/SDK
  artifactKey: Guid(7e98eee51c5562346929ee75ff9e5609) Importer(815301076,1909f56bfc062723c751e8b465ee728b)
Start importing Assets/FacebookSDK/SDK using Guid(7e98eee51c5562346929ee75ff9e5609) Importer(815301076,1909f56bfc062723c751e8b465ee728b)  -> (artifact id: '6eef8532326e213bbf1b290323bcf62f') in 0.019325 seconds 
  Import took 0.029903 seconds .

========================================================================
Received Import Request.
  Time since last request: 1.155561 seconds.
  path: Assets/FacebookSDK/SDK/Editor
  artifactKey: Guid(20e53ff88253648419cb6fc66129599f) Importer(815301076,1909f56bfc062723c751e8b465ee728b)
Start importing Assets/FacebookSDK/SDK/Editor using Guid(20e53ff88253648419cb6fc66129599f) Importer(815301076,1909f56bfc062723c751e8b465ee728b)  -> (artifact id: 'c7312d455f9dd255aa465729b08302da') in 0.004548 seconds 
  Import took 0.009594 seconds .

========================================================================
Received Import Request.
  Time since last request: 1.021609 seconds.
  path: Assets/FacebookSDK/SDK/Editor/iOS
  artifactKey: Guid(eb3cd0d98e2a8d4469203d2517583bb5) Importer(815301076,1909f56bfc062723c751e8b465ee728b)
Start importing Assets/FacebookSDK/SDK/Editor/iOS using Guid(eb3cd0d98e2a8d4469203d2517583bb5) Importer(815301076,1909f56bfc062723c751e8b465ee728b)  -> (artifact id: '65f7d93fcc479b6f738bb28e5cb8f8a5') in 0.006832 seconds 
  Import took 0.025670 seconds .

========================================================================
Received Import Request.
  Time since last request: 1.957987 seconds.
  path: Assets/FacebookSDK/SDK/Resources
  artifactKey: Guid(92ac89662ac38364cbd06bf443cfb986) Importer(815301076,1909f56bfc062723c751e8b465ee728b)
Start importing Assets/FacebookSDK/SDK/Resources using Guid(92ac89662ac38364cbd06bf443cfb986) Importer(815301076,1909f56bfc062723c751e8b465ee728b)  -> (artifact id: 'b9a03266bd49b7f8ec4589eaef9a2c4b') in 0.007114 seconds 
  Import took 0.013064 seconds .

========================================================================
Received Import Request.
  Time since last request: 2.815577 seconds.
  path: Assets/FacebookSDK/Plugins
  artifactKey: Guid(db6489083b842f14a8975bb6ae4c36cf) Importer(815301076,1909f56bfc062723c751e8b465ee728b)
Start importing Assets/FacebookSDK/Plugins using Guid(db6489083b842f14a8975bb6ae4c36cf) Importer(815301076,1909f56bfc062723c751e8b465ee728b)  -> (artifact id: 'e6bb53b3ff1969936a37dc674d6a5ef6') in 0.013192 seconds 
  Import took 0.017833 seconds .

========================================================================
Received Import Request.
  Time since last request: 0.984418 seconds.
  path: Assets/FacebookSDK/Plugins/Android
  artifactKey: Guid(fc733b6c97162bf44ace433339f47681) Importer(815301076,1909f56bfc062723c751e8b465ee728b)
Start importing Assets/FacebookSDK/Plugins/Android using Guid(fc733b6c97162bf44ace433339f47681) Importer(815301076,1909f56bfc062723c751e8b465ee728b)  -> (artifact id: 'a74a7ae0b4f5b2a2c031f6c9d2b01a46') in 0.005483 seconds 
  Import took 0.010561 seconds .

========================================================================
Received Prepare
Registering precompiled user dll's ...
Registered in 0.013298 seconds.
Begin MonoManager ReloadAssembly
Native extension for WindowsStandalone target not found
Native extension for WebGL target not found
Refreshing native plugins compatible for Editor in 2.17 ms, found 3 plugins.
Preloading 0 native plugins for Editor in 0.00 ms.
Mono: successfully reloaded assembly
- Completed reload, in  1.640 seconds
Domain Reload Profiling:
	ReloadAssembly (1640ms)
		BeginReloadAssembly (145ms)
			ExecutionOrderSort (0ms)
			DisableScriptedObjects (5ms)
			BackupInstance (0ms)
			ReleaseScriptingObjects (0ms)
			CreateAndSetChildDomain (57ms)
		EndReloadAssembly (1408ms)
			LoadAssemblies (129ms)
			RebuildTransferFunctionScriptingTraits (0ms)
			SetupTypeCache (404ms)
			ReleaseScriptCaches (2ms)
			RebuildScriptCaches (72ms)
			SetupLoadedEditorAssemblies (711ms)
				LogAssemblyErrors (0ms)
				InitializePlatformSupportModulesInManaged (5ms)
				SetLoadedEditorAssemblies (0ms)
				RefreshPlugins (2ms)
				BeforeProcessingInitializeOnLoad (98ms)
				ProcessInitializeOnLoadAttributes (558ms)
				ProcessInitializeOnLoadMethodAttributes (45ms)
				AfterProcessingInitializeOnLoad (2ms)
				EditorAssembliesLoaded (0ms)
			ExecutionOrderSort2 (0ms)
			AwakeInstancesAfterBackupRestoration (6ms)
Platform modules already initialized, skipping
Switching build target platform(19) subTarget(0) extendedPlatform(0) -> platform(13) subTarget(537395200) extendedPlatform(0)
Shader 'MoreMountains/MMRipple': fallback shader 'Particle/AlphaBlended' not found
Refreshing native plugins compatible for Editor in 1.79 ms, found 3 plugins.
Preloading 0 native plugins for Editor in 0.00 ms.
Unloading 3217 Unused Serialized files (Serialized files now loaded: 0)
System memory in use before: 275.4 MB.
System memory in use after: 275.6 MB.

Unloading 180 unused Assets to reduce memory usage. Loaded Objects now: 3620.
Total: 6.460700 ms (FindLiveObjects: 0.304900 ms CreateObjectMapping: 0.156700 ms MarkObjects: 5.943600 ms  DeleteObjects: 0.054100 ms)

AssetImportParameters requested are different than current active one (requested -> active):
  custom:framework-win-MediaFoundation: 216162199b28c13a410421893ffa2e32 -> 
  custom:video-decoder-ogg-theora: a1e56fd34408186e4bbccfd4996cb3dc -> 
  custom:container-muxer-webm: aa71ff27fc2769a1b78a27578f13a17b -> 
  custom:container-demuxer-webm: 4f35f7cbe854078d1ac9338744f61a02 -> 
  custom:container-demuxer-ogg: 62fdf1f143b41e24485cea50d1cbac27 -> 
  custom:video-encoder-webm-vp8: eb34c28f22e8b96e1ab97ce403110664 -> 
  custom:video-decoder-webm-vp8: 9c59270c3fd7afecdb556c50c9e8de78 -> 
  custom:graphics/normal-map-encoding: 01000000000000000000000000000000 -> 02000000000000000000000000000000
  custom:audio-decoder-ogg-vorbis: bf7c407c2cedff20999df2af8eb42d56 -> 
  custom:audio-encoder-webm-vorbis: bf7c407c2cedff20999df2af8eb42d56 -> 
========================================================================
Received Prepare
Shader 'MoreMountains/MMRipple': fallback shader 'Particle/AlphaBlended' not found
Refreshing native plugins compatible for Editor in 52.55 ms, found 3 plugins.
Preloading 0 native plugins for Editor in 0.00 ms.
Unloading 167 Unused Serialized files (Serialized files now loaded: 0)
System memory in use before: 215.4 MB.
System memory in use after: 215.6 MB.

Unloading 166 unused Assets to reduce memory usage. Loaded Objects now: 3620.
Total: 8.205000 ms (FindLiveObjects: 0.328200 ms CreateObjectMapping: 0.172600 ms MarkObjects: 7.587900 ms  DeleteObjects: 0.114500 ms)

AssetImportParameters requested are different than current active one (requested -> active):
  custom:framework-win-MediaFoundation: 216162199b28c13a410421893ffa2e32 -> 
  custom:video-decoder-ogg-theora: a1e56fd34408186e4bbccfd4996cb3dc -> 
  custom:container-muxer-webm: aa71ff27fc2769a1b78a27578f13a17b -> 
  custom:container-demuxer-webm: 4f35f7cbe854078d1ac9338744f61a02 -> 
  custom:container-demuxer-ogg: 62fdf1f143b41e24485cea50d1cbac27 -> 
  custom:video-encoder-webm-vp8: eb34c28f22e8b96e1ab97ce403110664 -> 
  custom:video-decoder-webm-vp8: 9c59270c3fd7afecdb556c50c9e8de78 -> 
  custom:audio-decoder-ogg-vorbis: bf7c407c2cedff20999df2af8eb42d56 -> 
  custom:audio-encoder-webm-vorbis: bf7c407c2cedff20999df2af8eb42d56 -> 
AssetImportWorkerClient::OnTransportError - code=2 error=End of file
